make[2]: Nothing to be done for `all'.
make[2]: Nothing to be done for `all'.
Running test cases for project1...
Running main() from gtest_main.cc
Note: Google Test filter = TestEnv_Reliable.TestOpen:TestEnv_Reliable.TestBind_*
[==========] Running 8 tests from 1 test case.
[----------] Global test environment set-up.
[----------] 8 tests from TestEnv_Reliable
[ RUN      ] TestEnv_Reliable.TestBind_Simple
[       OK ] TestEnv_Reliable.TestBind_Simple (1 ms)
[ RUN      ] TestEnv_Reliable.TestBind_DoubleBind
[       OK ] TestEnv_Reliable.TestBind_DoubleBind (1 ms)
[ RUN      ] TestEnv_Reliable.TestBind_GetSockName
[       OK ] TestEnv_Reliable.TestBind_GetSockName (0 ms)
[ RUN      ] TestEnv_Reliable.TestBind_OverlapPort
[       OK ] TestEnv_Reliable.TestBind_OverlapPort (1 ms)
[ RUN      ] TestEnv_Reliable.TestBind_OverlapClosed
[       OK ] TestEnv_Reliable.TestBind_OverlapClosed (0 ms)
[ RUN      ] TestEnv_Reliable.TestBind_DifferentIP_SamePort
[       OK ] TestEnv_Reliable.TestBind_DifferentIP_SamePort (1 ms)
[ RUN      ] TestEnv_Reliable.TestBind_SameIP_DifferentPort
[       OK ] TestEnv_Reliable.TestBind_SameIP_DifferentPort (0 ms)
[ RUN      ] TestEnv_Reliable.TestOpen
[       OK ] TestEnv_Reliable.TestOpen (4752 ms)
[----------] 8 tests from TestEnv_Reliable (4757 ms total)

[----------] Global test environment tear-down
[==========] 8 tests from 1 test case ran. (4757 ms total)
[  PASSED  ] 8 tests.
Running test cases for project2...
Running main() from gtest_main.cc
Note: Google Test filter = TestEnv_Reliable.TestAccept_*:TestEnv_Any.TestAccept_*:TestEnv_Any.TestConnect_*:TestEnv_Any.TestClose_*
[==========] Running 15 tests from 2 test cases.
[----------] Global test environment set-up.
[----------] 2 tests from TestEnv_Reliable
[ RUN      ] TestEnv_Reliable.TestAccept_Backlog1
[       OK ] TestEnv_Reliable.TestAccept_Backlog1 (56 ms)
[ RUN      ] TestEnv_Reliable.TestAccept_Backlog2
[       OK ] TestEnv_Reliable.TestAccept_Backlog2 (3 ms)
[----------] 2 tests from TestEnv_Reliable (59 ms total)

[----------] 13 tests from TestEnv_Any
[ RUN      ] TestEnv_Any.TestClose_Connect_CloseFirst
FIN packet reaaaaally ssent. (port: 9999)
[       OK ] TestEnv_Any.TestClose_Connect_CloseFirst (1 ms)
[ RUN      ] TestEnv_Any.TestClose_Connect_CloseLater
FIN packet reaaaaally ssent. (port: 9999)
[       OK ] TestEnv_Any.TestClose_Connect_CloseLater (1 ms)
[ RUN      ] TestEnv_Any.TestClose_Connect_CloseSimultaneous
FIN packet reaaaaally ssent. (port: 9999)
[       OK ] TestEnv_Any.TestClose_Connect_CloseSimultaneous (1 ms)
[ RUN      ] TestEnv_Any.TestClose_Accept_CloseLater
FIN packet reaaaaally ssent. (port: 23288)
[       OK ] TestEnv_Any.TestClose_Accept_CloseLater (0 ms)
[ RUN      ] TestEnv_Any.TestClose_Accept_CloseFirst
FIN packet reaaaaally ssent. (port: 46440)
[       OK ] TestEnv_Any.TestClose_Accept_CloseFirst (1 ms)
[ RUN      ] TestEnv_Any.TestClose_Accept_CloseSimultaneous
FIN packet reaaaaally ssent. (port: 11801)
[       OK ] TestEnv_Any.TestClose_Accept_CloseSimultaneous (1 ms)
[ RUN      ] TestEnv_Any.TestAccept_BeforeAccept
FIN packet reaaaaally ssent. (port: 44854)
[       OK ] TestEnv_Any.TestAccept_BeforeAccept (1 ms)
[ RUN      ] TestEnv_Any.TestAccept_AfterAccept
FIN packet reaaaaally ssent. (port: 19713)
[       OK ] TestEnv_Any.TestAccept_AfterAccept (1 ms)
[ RUN      ] TestEnv_Any.TestAccept_MultipleInterface1
FIN packet reaaaaally ssent. (port: 39038)
FIN packet reaaaaally ssent. (port: 11941)
FIN packet reaaaaally ssent. (port: 10360)
FIN packet reaaaaally ssent. (port: 25801)
FIN packet reaaaaally ssent. (port: 17966)
FIN packet reaaaaally ssent. (port: 37860)
FIN packet reaaaaally ssent. (port: 13167)
FIN packet reaaaaally ssent. (port: 29643)
[       OK ] TestEnv_Any.TestAccept_MultipleInterface1 (4 ms)
[ RUN      ] TestEnv_Any.TestAccept_MultipleInterface2
FIN packet reaaaaally ssent. (port: 20628)
FIN packet reaaaaally ssent. (port: 43527)
FIN packet reaaaaally ssent. (port: 33503)
FIN packet reaaaaally ssent. (port: 44492)
FIN packet reaaaaally ssent. (port: 64052)
FIN packet reaaaaally ssent. (port: 39052)
[       OK ] TestEnv_Any.TestAccept_MultipleInterface2 (3 ms)
[ RUN      ] TestEnv_Any.TestConnect_BeforeAccept
FIN packet reaaaaally ssent. (port: 9999)
[       OK ] TestEnv_Any.TestConnect_BeforeAccept (1 ms)
[ RUN      ] TestEnv_Any.TestConnect_AfterAccept
FIN packet reaaaaally ssent. (port: 9999)
[       OK ] TestEnv_Any.TestConnect_AfterAccept (1 ms)
[ RUN      ] TestEnv_Any.TestConnect_SimultaneousConnect
testhandshake.cpp:629: Failure
      Expected: ret
      Which is: -1
To be equal to: 0
testhandshake.cpp:634: Failure
      Expected: ret
      Which is: -1
To be equal to: 0
testhandshake.cpp:635: Failure
      Expected: addr.sin_addr.s_addr
      Which is: 67174410
To be equal to: temp_addr.sin_addr.s_addr
      Which is: 28672
testhandshake.cpp:636: Failure
      Expected: addr.sin_family
      Which is: '\x2' (2)
To be equal to: temp_addr.sin_family
      Which is: '\x10' (16)
testhandshake.cpp:637: Failure
      Expected: addr.sin_port
      Which is: 14640
To be equal to: temp_addr.sin_port
      Which is: 8
testhandshake.cpp:640: Failure
      Expected: ret
      Which is: -1
To be equal to: 0
testhandshake.cpp:642: Failure
      Expected: bind_addr.sin_addr.s_addr
      Which is: 117483712
To be equal to: temp_addr.sin_addr.s_addr
      Which is: 28672
testhandshake.cpp:643: Failure
      Expected: bind_addr.sin_family
      Which is: '\x2' (2)
To be equal to: temp_addr.sin_family
      Which is: '\x10' (16)
testhandshake.cpp:644: Failure
      Expected: bind_addr.sin_port
      Which is: 52822
To be equal to: temp_addr.sin_port
      Which is: 8
testhandshake.cpp:629: Failure
      Expected: ret
      Which is: -1
To be equal to: 0
testhandshake.cpp:634: Failure
      Expected: ret
      Which is: -1
To be equal to: 0
testhandshake.cpp:635: Failure
      Expected: addr.sin_addr.s_addr
      Which is: 117483712
To be equal to: temp_addr.sin_addr.s_addr
      Which is: 28672
testhandshake.cpp:636: Failure
      Expected: addr.sin_family
      Which is: '\x2' (2)
To be equal to: temp_addr.sin_family
      Which is: '@' (64, 0x40)
testhandshake.cpp:637: Failure
      Expected: addr.sin_port
      Which is: 52822
To be equal to: temp_addr.sin_port
      Which is: 16
testhandshake.cpp:640: Failure
      Expected: ret
      Which is: -1
To be equal to: 0
testhandshake.cpp:642: Failure
      Expected: bind_addr.sin_addr.s_addr
      Which is: 67174410
To be equal to: temp_addr.sin_addr.s_addr
      Which is: 28672
testhandshake.cpp:643: Failure
      Expected: bind_addr.sin_family
      Which is: '\x2' (2)
To be equal to: temp_addr.sin_family
      Which is: '@' (64, 0x40)
testhandshake.cpp:644: Failure
      Expected: bind_addr.sin_port
      Which is: 14640
To be equal to: temp_addr.sin_port
      Which is: 16
[  FAILED  ] TestEnv_Any.TestConnect_SimultaneousConnect (313 ms)
[----------] 13 tests from TestEnv_Any (330 ms total)

[----------] Global test environment tear-down
[==========] 15 tests from 2 test cases ran. (389 ms total)
[  PASSED  ] 14 tests.
[  FAILED  ] 1 test, listed below:
[  FAILED  ] TestEnv_Any.TestConnect_SimultaneousConnect

 1 FAILED TEST
Running test cases for project3...
Running main() from gtest_main.cc
Note: Google Test filter = TestEnv_Any.TestTransfer_*
[==========] Running 12 tests from 1 test case.
[----------] Global test environment set-up.
[----------] 12 tests from TestEnv_Any
[ RUN      ] TestEnv_Any.TestTransfer_Connect_Send_Symmetric
port number: 9999 timer turned off - bufsize: 0, unacked: 0 - cwnd: 65036
Late close called, FIN sent. (port: 9999)
FIN packet reaaaaally ssent. (port: 9999)
[       OK ] TestEnv_Any.TestTransfer_Connect_Send_Symmetric (67 ms)
[ RUN      ] TestEnv_Any.TestTransfer_Connect_Send_EOF
port number: 9999 timer turned off - bufsize: 0, unacked: 0 - cwnd: 65036
Late close called, FIN sent. (port: 9999)
FIN packet reaaaaally ssent. (port: 9999)
[       OK ] TestEnv_Any.TestTransfer_Connect_Send_EOF (48 ms)
[ RUN      ] TestEnv_Any.TestTransfer_Connect_Recv_Symmetric
FIN packet reaaaaally ssent. (port: 9999)
[       OK ] TestEnv_Any.TestTransfer_Connect_Recv_Symmetric (49 ms)
[ RUN      ] TestEnv_Any.TestTransfer_Connect_Recv_EOF
FIN packet reaaaaally ssent. (port: 9999)
[       OK ] TestEnv_Any.TestTransfer_Connect_Recv_EOF (43 ms)
[ RUN      ] TestEnv_Any.TestTransfer_Connect_Recv_SmallBuffer1
FIN packet reaaaaally ssent. (port: 9999)
[       OK ] TestEnv_Any.TestTransfer_Connect_Recv_SmallBuffer1 (65 ms)
[ RUN      ] TestEnv_Any.TestTransfer_Connect_Recv_SmallBuffer2
FIN packet reaaaaally ssent. (port: 9999)
[       OK ] TestEnv_Any.TestTransfer_Connect_Recv_SmallBuffer2 (227 ms)
[ RUN      ] TestEnv_Any.TestTransfer_Accept_Send_Symmetric
port number: 46745 timer turned off - bufsize: 0, unacked: 0 - cwnd: 65036
Late close called, FIN sent. (port: 46745)
FIN packet reaaaaally ssent. (port: 46745)
[       OK ] TestEnv_Any.TestTransfer_Accept_Send_Symmetric (54 ms)
[ RUN      ] TestEnv_Any.TestTransfer_Accept_Send_EOF
port number: 43942 timer turned off - bufsize: 0, unacked: 0 - cwnd: 65036
Late close called, FIN sent. (port: 43942)
FIN packet reaaaaally ssent. (port: 43942)
[       OK ] TestEnv_Any.TestTransfer_Accept_Send_EOF (41 ms)
[ RUN      ] TestEnv_Any.TestTransfer_Accept_Recv_Symmetric
FIN packet reaaaaally ssent. (port: 43100)
[       OK ] TestEnv_Any.TestTransfer_Accept_Recv_Symmetric (55 ms)
[ RUN      ] TestEnv_Any.TestTransfer_Accept_Recv_EOF
FIN packet reaaaaally ssent. (port: 25971)
[       OK ] TestEnv_Any.TestTransfer_Accept_Recv_EOF (39 ms)
[ RUN      ] TestEnv_Any.TestTransfer_Accept_Recv_SmallBuffer1
FIN packet reaaaaally ssent. (port: 35960)
[       OK ] TestEnv_Any.TestTransfer_Accept_Recv_SmallBuffer1 (111 ms)
[ RUN      ] TestEnv_Any.TestTransfer_Accept_Recv_SmallBuffer2
FIN packet reaaaaally ssent. (port: 16067)
[       OK ] TestEnv_Any.TestTransfer_Accept_Recv_SmallBuffer2 (312 ms)
[----------] 12 tests from TestEnv_Any (1113 ms total)

[----------] Global test environment tear-down
[==========] 12 tests from 1 test case ran. (1113 ms total)
[  PASSED  ] 12 tests.
Running test cases for project4...
Running main() from gtest_main.cc
Note: Google Test filter = TestEnv_Congestion*
[==========] Running 3 tests from 3 test cases.
[----------] Global test environment set-up.
[----------] 1 test from TestEnv_Congestion0
[ RUN      ] TestEnv_Congestion0.TestCongestion0
port number: 10000 timer turned off - bufsize: 0, unacked: 0 - cwnd: 262145
Late close called, FIN sent. (port: 10000)
FIN packet reaaaaally ssent. (port: 10000)
[       OK ] TestEnv_Congestion0.TestCongestion0 (34892 ms)
[----------] 1 test from TestEnv_Congestion0 (34892 ms total)

[----------] 1 test from TestEnv_Congestion1
[ RUN      ] TestEnv_Congestion1.TestCongestion1
port number: 10000 timer turned off - bufsize: 24064, unacked: 0 - cwnd: 2133
port number: 10001 timer turned off - bufsize: 24576, unacked: 0 - cwnd: 256
port number: 10000 timer turned off - bufsize: 35328, unacked: 0 - cwnd: 256
port number: 10000 timer turned off - bufsize: 31232, unacked: 0 - cwnd: 320
port number: 10000 timer turned off - bufsize: 41984, unacked: 0 - cwnd: 512
port number: 10001 timer turned off - bufsize: 31232, unacked: 0 - cwnd: 676
port number: 10000 timer turned off - bufsize: 48640, unacked: 0 - cwnd: 838
port number: 10001 timer turned off - bufsize: 31744, unacked: 0 - cwnd: 256
port number: 10001 timer turned off - bufsize: 19968, unacked: 0 - cwnd: 649
port number: 10000 timer turned off - bufsize: 47616, unacked: 0 - cwnd: 512
port number: 10000 timer turned off - bufsize: 11776, unacked: 0 - cwnd: 19733
port number: 10001 timer turned off - bufsize: 24576, unacked: 0 - cwnd: 571
port number: 10000 timer turned off - bufsize: 48640, unacked: 0 - cwnd: 892
port number: 10001 timer turned off - bufsize: 3584, unacked: 0 - cwnd: 311
port number: 10000 timer turned off - bufsize: 18432, unacked: 0 - cwnd: 984
port number: 10001 timer turned off - bufsize: 0, unacked: 0 - cwnd: 39250
Late close called, FIN sent. (port: 10001)
FIN packet reaaaaally ssent. (port: 10001)
port number: 10000 timer turned off - bufsize: 0, unacked: 0 - cwnd: 52467
Late close called, FIN sent. (port: 10000)
FIN packet reaaaaally ssent. (port: 10000)
[       OK ] TestEnv_Congestion1.TestCongestion1 (7563 ms)
[----------] 1 test from TestEnv_Congestion1 (7563 ms total)

[----------] 1 test from TestEnv_Congestion2
[ RUN      ] TestEnv_Congestion2.TestCongestion2
port number: 10000 timer turned off - bufsize: 46592, unacked: 0 - cwnd: 602
port number: 10007 timer turned off - bufsize: 47104, unacked: 0 - cwnd: 1152
port number: 10005 timer turned off - bufsize: 46592, unacked: 0 - cwnd: 512
port number: 10000 timer turned off - bufsize: 44032, unacked: 0 - cwnd: 512
port number: 10004 timer turned off - bufsize: 33792, unacked: 0 - cwnd: 512
port number: 10007 timer turned off - bufsize: 37888, unacked: 0 - cwnd: 256
port number: 10005 timer turned off - bufsize: 49664, unacked: 0 - cwnd: 640
port number: 10007 timer turned off - bufsize: 33280, unacked: 0 - cwnd: 1047
port number: 10006 timer turned off - bufsize: 48128, unacked: 0 - cwnd: 1682
port number: 10001 timer turned off - bufsize: 46592, unacked: 0 - cwnd: 1691
port number: 10000 timer turned off - bufsize: 33280, unacked: 0 - cwnd: 256
port number: 10000 timer turned off - bufsize: 47104, unacked: 0 - cwnd: 1048
port number: 10003 timer turned off - bufsize: 35328, unacked: 0 - cwnd: 512
port number: 10002 timer turned off - bufsize: 48640, unacked: 0 - cwnd: 1337
port number: 10000 timer turned off - bufsize: 47616, unacked: 0 - cwnd: 1794
port number: 10006 timer turned off - bufsize: 47616, unacked: 0 - cwnd: 587
port number: 10003 timer turned off - bufsize: 44544, unacked: 0 - cwnd: 742
port number: 10004 timer turned off - bufsize: 47616, unacked: 0 - cwnd: 1802
port number: 10005 timer turned off - bufsize: 49152, unacked: 0 - cwnd: 1065
port number: 10002 timer turned off - bufsize: 48640, unacked: 0 - cwnd: 1378
port number: 10003 timer turned off - bufsize: 1024, unacked: 0 - cwnd: 512
port number: 10004 timer turned off - bufsize: 50176, unacked: 0 - cwnd: 538
port number: 10001 timer turned off - bufsize: 39936, unacked: 0 - cwnd: 2921
port number: 10007 timer turned off - bufsize: 39936, unacked: 0 - cwnd: 256
port number: 10001 timer turned off - bufsize: 46592, unacked: 0 - cwnd: 1043
port number: 10004 timer turned off - bufsize: 45568, unacked: 0 - cwnd: 2361
port number: 10005 timer turned off - bufsize: 48640, unacked: 0 - cwnd: 1073
port number: 10003 timer turned off - bufsize: 47616, unacked: 0 - cwnd: 830
port number: 10005 timer turned off - bufsize: 48640, unacked: 0 - cwnd: 512
port number: 10005 timer turned off - bufsize: 50688, unacked: 0 - cwnd: 256
port number: 10003 timer turned off - bufsize: 48128, unacked: 0 - cwnd: 1719
port number: 10007 timer turned off - bufsize: 43520, unacked: 0 - cwnd: 2402
port number: 10004 timer turned off - bufsize: 39936, unacked: 0 - cwnd: 3275
port number: 10005 timer turned off - bufsize: 28672, unacked: 0 - cwnd: 256
port number: 10006 timer turned off - bufsize: 26624, unacked: 0 - cwnd: 256
port number: 10004 timer turned off - bufsize: 45056, unacked: 0 - cwnd: 2627
port number: 10003 timer turned off - bufsize: 48128, unacked: 0 - cwnd: 256
port number: 10001 timer turned off - bufsize: 40448, unacked: 0 - cwnd: 256
port number: 10001 timer turned off - bufsize: 49152, unacked: 0 - cwnd: 908
port number: 10006 timer turned off - bufsize: 43008, unacked: 0 - cwnd: 640
port number: 10000 timer turned off - bufsize: 35328, unacked: 0 - cwnd: 256
port number: 10004 timer turned off - bufsize: 49152, unacked: 0 - cwnd: 1270
port number: 10000 timer turned off - bufsize: 47104, unacked: 0 - cwnd: 588
port number: 10000 timer turned off - bufsize: 46080, unacked: 0 - cwnd: 640
port number: 10006 timer turned off - bufsize: 24064, unacked: 0 - cwnd: 256
port number: 10001 timer turned off - bufsize: 50176, unacked: 0 - cwnd: 373
port number: 10000 timer turned off - bufsize: 32768, unacked: 0 - cwnd: 512
port number: 10001 timer turned off - bufsize: 50688, unacked: 0 - cwnd: 256
port number: 10001 timer turned off - bufsize: 48128, unacked: 0 - cwnd: 1194
port number: 10004 timer turned off - bufsize: 41472, unacked: 0 - cwnd: 256
port number: 10004 timer turned off - bufsize: 50176, unacked: 0 - cwnd: 689
port number: 10006 timer turned off - bufsize: 27136, unacked: 0 - cwnd: 256
port number: 10003 timer turned off - bufsize: 48128, unacked: 0 - cwnd: 1666
port number: 10007 timer turned off - bufsize: 48640, unacked: 0 - cwnd: 1309
port number: 10002 timer turned off - bufsize: 49664, unacked: 0 - cwnd: 512
port number: 10006 timer turned off - bufsize: 48640, unacked: 0 - cwnd: 1329
port number: 10000 timer turned off - bufsize: 40448, unacked: 0 - cwnd: 256
port number: 10007 timer turned off - bufsize: 49152, unacked: 0 - cwnd: 1117
port number: 10003 timer turned off - bufsize: 49152, unacked: 0 - cwnd: 1168
port number: 10005 timer turned off - bufsize: 49152, unacked: 0 - cwnd: 1224
port number: 10006 timer turned off - bufsize: 48128, unacked: 0 - cwnd: 1154
port number: 10000 timer turned off - bufsize: 40448, unacked: 0 - cwnd: 663
port number: 10005 timer turned off - bufsize: 48640, unacked: 0 - cwnd: 1517
port number: 10000 timer turned off - bufsize: 47616, unacked: 0 - cwnd: 277
port number: 10003 timer turned off - bufsize: 49152, unacked: 0 - cwnd: 580
port number: 10005 timer turned off - bufsize: 50176, unacked: 0 - cwnd: 693
port number: 10002 timer turned off - bufsize: 48640, unacked: 0 - cwnd: 1428
port number: 10004 timer turned off - bufsize: 49152, unacked: 0 - cwnd: 1278
port number: 10000 timer turned off - bufsize: 40960, unacked: 0 - cwnd: 256
port number: 10006 timer turned off - bufsize: 49152, unacked: 0 - cwnd: 1109
port number: 10000 timer turned off - bufsize: 44544, unacked: 0 - cwnd: 801
port number: 10001 timer turned off - bufsize: 47616, unacked: 0 - cwnd: 1805
port number: 10004 timer turned off - bufsize: 46080, unacked: 0 - cwnd: 1430
port number: 10005 timer turned off - bufsize: 45568, unacked: 0 - cwnd: 256
port number: 10001 timer turned off - bufsize: 36352, unacked: 0 - cwnd: 256
port number: 10001 timer turned off - bufsize: 34816, unacked: 0 - cwnd: 765
port number: 10005 timer turned off - bufsize: 12288, unacked: 0 - cwnd: 768
port number: 10003 timer turned off - bufsize: 46592, unacked: 0 - cwnd: 1233
port number: 10002 timer turned off - bufsize: 38400, unacked: 0 - cwnd: 256
port number: 10000 timer turned off - bufsize: 48128, unacked: 0 - cwnd: 679
port number: 10001 timer turned off - bufsize: 45568, unacked: 0 - cwnd: 1918
port number: 10003 timer turned off - bufsize: 29184, unacked: 0 - cwnd: 256
port number: 10000 timer turned off - bufsize: 49152, unacked: 0 - cwnd: 1205
port number: 10002 timer turned off - bufsize: 34304, unacked: 0 - cwnd: 1792
port number: 10004 timer turned off - bufsize: 49152, unacked: 0 - cwnd: 1047
port number: 10004 timer turned off - bufsize: 50176, unacked: 0 - cwnd: 512
port number: 10003 timer turned off - bufsize: 33792, unacked: 0 - cwnd: 256
port number: 10001 timer turned off - bufsize: 48128, unacked: 0 - cwnd: 1570
port number: 10003 timer turned off - bufsize: 22528, unacked: 0 - cwnd: 256
port number: 10000 timer turned off - bufsize: 49152, unacked: 0 - cwnd: 1278
port number: 10003 timer turned off - bufsize: 37376, unacked: 0 - cwnd: 572
port number: 10003 timer turned off - bufsize: 32768, unacked: 0 - cwnd: 655
port number: 10002 timer turned off - bufsize: 48640, unacked: 0 - cwnd: 1476
port number: 10004 timer turned off - bufsize: 49152, unacked: 0 - cwnd: 1168
port number: 10003 timer turned off - bufsize: 12288, unacked: 0 - cwnd: 256
port number: 10004 timer turned off - bufsize: 49152, unacked: 0 - cwnd: 1111
port number: 10007 timer turned off - bufsize: 48640, unacked: 0 - cwnd: 1528
port number: 10002 timer turned off - bufsize: 47616, unacked: 0 - cwnd: 1908
port number: 10003 timer turned off - bufsize: 48640, unacked: 0 - cwnd: 256
port number: 10003 timer turned off - bufsize: 34816, unacked: 0 - cwnd: 256
port number: 10001 timer turned off - bufsize: 31744, unacked: 0 - cwnd: 256
port number: 10003 timer turned off - bufsize: 20480, unacked: 0 - cwnd: 781
port number: 10004 timer turned off - bufsize: 45568, unacked: 0 - cwnd: 1316
port number: 10001 timer turned off - bufsize: 34816, unacked: 0 - cwnd: 256
port number: 10005 timer turned off - bufsize: 42496, unacked: 0 - cwnd: 256
port number: 10002 timer turned off - bufsize: 45056, unacked: 0 - cwnd: 575
port number: 10003 timer turned off - bufsize: 49152, unacked: 0 - cwnd: 1278
port number: 10007 timer turned off - bufsize: 50176, unacked: 0 - cwnd: 693
port number: 10002 timer turned off - bufsize: 48640, unacked: 0 - cwnd: 1515
port number: 10001 timer turned off - bufsize: 38912, unacked: 0 - cwnd: 908
port number: 10000 timer turned off - bufsize: 49152, unacked: 0 - cwnd: 1265
port number: 10005 timer turned off - bufsize: 48640, unacked: 0 - cwnd: 1345
port number: 10001 timer turned off - bufsize: 43008, unacked: 0 - cwnd: 256
port number: 10002 timer turned off - bufsize: 48640, unacked: 0 - cwnd: 1438
port number: 10007 timer turned off - bufsize: 48128, unacked: 0 - cwnd: 1641
port number: 10006 timer turned off - bufsize: 50176, unacked: 0 - cwnd: 763
port number: 10007 timer turned off - bufsize: 50176, unacked: 0 - cwnd: 569
port number: 10003 timer turned off - bufsize: 49152, unacked: 0 - cwnd: 1168
port number: 10005 timer turned off - bufsize: 49152, unacked: 0 - cwnd: 1246
port number: 10002 timer turned off - bufsize: 49152, unacked: 0 - cwnd: 1168
port number: 10005 timer turned off - bufsize: 49152, unacked: 0 - cwnd: 1113
port number: 10000 timer turned off - bufsize: 49152, unacked: 0 - cwnd: 1196
port number: 10004 timer turned off - bufsize: 47616, unacked: 0 - cwnd: 1794
port number: 10007 timer turned off - bufsize: 49152, unacked: 0 - cwnd: 1114
port number: 10000 timer turned off - bufsize: 48640, unacked: 0 - cwnd: 1330
port number: 10000 timer turned off - bufsize: 49152, unacked: 0 - cwnd: 1117
port number: 10006 timer turned off - bufsize: 47616, unacked: 0 - cwnd: 1935
port number: 10006 timer turned off - bufsize: 50176, unacked: 0 - cwnd: 543
port number: 10004 timer turned off - bufsize: 47104, unacked: 0 - cwnd: 2218
port number: 10000 timer turned off - bufsize: 47616, unacked: 0 - cwnd: 2034
port number: 10003 timer turned off - bufsize: 37376, unacked: 0 - cwnd: 1452
port number: 10000 timer turned off - bufsize: 43008, unacked: 0 - cwnd: 512
port number: 10007 timer turned off - bufsize: 50176, unacked: 0 - cwnd: 624
port number: 10006 timer turned off - bufsize: 41472, unacked: 0 - cwnd: 256
port number: 10003 timer turned off - bufsize: 36864, unacked: 0 - cwnd: 2422
port number: 10004 timer turned off - bufsize: 43520, unacked: 0 - cwnd: 1307
port number: 10001 timer turned off - bufsize: 29696, unacked: 0 - cwnd: 256
port number: 10007 timer turned off - bufsize: 49152, unacked: 0 - cwnd: 320
port number: 10000 timer turned off - bufsize: 42496, unacked: 0 - cwnd: 256
port number: 10000 timer turned off - bufsize: 48128, unacked: 0 - cwnd: 795
port number: 10004 timer turned off - bufsize: 38912, unacked: 0 - cwnd: 256
port number: 10005 timer turned off - bufsize: 35840, unacked: 0 - cwnd: 256
port number: 10006 timer turned off - bufsize: 29184, unacked: 0 - cwnd: 256
port number: 10005 timer turned off - bufsize: 29696, unacked: 0 - cwnd: 256
port number: 10002 timer turned off - bufsize: 48640, unacked: 0 - cwnd: 1478
port number: 10004 timer turned off - bufsize: 31232, unacked: 0 - cwnd: 518
port number: 10007 timer turned off - bufsize: 48128, unacked: 0 - cwnd: 1686
port number: 10004 timer turned off - bufsize: 18432, unacked: 0 - cwnd: 512
port number: 10003 timer turned off - bufsize: 49152, unacked: 0 - cwnd: 1187
port number: 10001 timer turned off - bufsize: 48128, unacked: 0 - cwnd: 1556
port number: 10007 timer turned off - bufsize: 47616, unacked: 0 - cwnd: 1983
port number: 10006 timer turned off - bufsize: 49152, unacked: 0 - cwnd: 1047
port number: 10002 timer turned off - bufsize: 48128, unacked: 0 - cwnd: 1558
port number: 10005 timer turned off - bufsize: 48640, unacked: 0 - cwnd: 1471
port number: 10005 timer turned off - bufsize: 50176, unacked: 0 - cwnd: 735
port number: 10004 timer turned off - bufsize: 5120, unacked: 0 - cwnd: 256
port number: 10004 timer turned off - bufsize: 40448, unacked: 0 - cwnd: 291
port number: 10007 timer turned off - bufsize: 48128, unacked: 0 - cwnd: 1676
port number: 10005 timer turned off - bufsize: 40960, unacked: 0 - cwnd: 2992
port number: 10001 timer turned off - bufsize: 45568, unacked: 0 - cwnd: 2816
port number: 10002 timer turned off - bufsize: 49664, unacked: 0 - cwnd: 262
port number: 10000 timer turned off - bufsize: 46080, unacked: 0 - cwnd: 1400
port number: 10003 timer turned off - bufsize: 30208, unacked: 0 - cwnd: 256
port number: 10002 timer turned off - bufsize: 43520, unacked: 0 - cwnd: 512
port number: 10002 timer turned off - bufsize: 30720, unacked: 0 - cwnd: 1168
port number: 10005 timer turned off - bufsize: 46592, unacked: 0 - cwnd: 256
port number: 10005 timer turned off - bufsize: 24576, unacked: 0 - cwnd: 612
port number: 10005 timer turned off - bufsize: 31232, unacked: 0 - cwnd: 1286
port number: 10001 timer turned off - bufsize: 48128, unacked: 0 - cwnd: 1607
port number: 10005 timer turned off - bufsize: 33280, unacked: 0 - cwnd: 3693
port number: 10004 timer turned off - bufsize: 33792, unacked: 0 - cwnd: 256
port number: 10003 timer turned off - bufsize: 27648, unacked: 0 - cwnd: 256
port number: 10007 timer turned off - bufsize: 50688, unacked: 0 - cwnd: 324
port number: 10004 timer turned off - bufsize: 27648, unacked: 0 - cwnd: 512
port number: 10005 timer turned off - bufsize: 39424, unacked: 0 - cwnd: 256
port number: 10004 timer turned off - bufsize: 22528, unacked: 0 - cwnd: 1600
port number: 10005 timer turned off - bufsize: 49664, unacked: 0 - cwnd: 755
port number: 10006 timer turned off - bufsize: 46592, unacked: 0 - cwnd: 1545
port number: 10001 timer turned off - bufsize: 49152, unacked: 0 - cwnd: 949
port number: 10005 timer turned off - bufsize: 43008, unacked: 0 - cwnd: 256
port number: 10005 timer turned off - bufsize: 41472, unacked: 0 - cwnd: 256
port number: 10003 timer turned off - bufsize: 50688, unacked: 0 - cwnd: 285
port number: 10000 timer turned off - bufsize: 45056, unacked: 0 - cwnd: 640
port number: 10000 timer turned off - bufsize: 50688, unacked: 0 - cwnd: 337
port number: 10001 timer turned off - bufsize: 49152, unacked: 0 - cwnd: 256
port number: 10006 timer turned off - bufsize: 47616, unacked: 0 - cwnd: 1482
port number: 10003 timer turned off - bufsize: 31744, unacked: 0 - cwnd: 256
port number: 10007 timer turned off - bufsize: 37888, unacked: 0 - cwnd: 256
port number: 10005 timer turned off - bufsize: 44032, unacked: 0 - cwnd: 256
port number: 10000 timer turned off - bufsize: 50176, unacked: 0 - cwnd: 445
port number: 10000 timer turned off - bufsize: 50688, unacked: 0 - cwnd: 256
port number: 10003 timer turned off - bufsize: 41984, unacked: 0 - cwnd: 256
port number: 10001 timer turned off - bufsize: 41984, unacked: 0 - cwnd: 256
port number: 10005 timer turned off - bufsize: 46080, unacked: 0 - cwnd: 256
port number: 10007 timer turned off - bufsize: 50176, unacked: 0 - cwnd: 686
port number: 10006 timer turned off - bufsize: 45056, unacked: 0 - cwnd: 2639
port number: 10001 timer turned off - bufsize: 46080, unacked: 0 - cwnd: 472
port number: 10004 timer turned off - bufsize: 31232, unacked: 0 - cwnd: 256
port number: 10005 timer turned off - bufsize: 40960, unacked: 0 - cwnd: 256
port number: 10001 timer turned off - bufsize: 38912, unacked: 0 - cwnd: 1471
port number: 10003 timer turned off - bufsize: 38400, unacked: 0 - cwnd: 256
port number: 10004 timer turned off - bufsize: 42496, unacked: 0 - cwnd: 1278
port number: 10002 timer turned off - bufsize: 50176, unacked: 0 - cwnd: 737
port number: 10004 timer turned off - bufsize: 50176, unacked: 0 - cwnd: 362
port number: 10001 timer turned off - bufsize: 26112, unacked: 0 - cwnd: 256
port number: 10005 timer turned off - bufsize: 35328, unacked: 0 - cwnd: 256
port number: 10006 timer turned off - bufsize: 31744, unacked: 0 - cwnd: 256
port number: 10001 timer turned off - bufsize: 18944, unacked: 0 - cwnd: 512
port number: 10000 timer turned off - bufsize: 48128, unacked: 0 - cwnd: 1558
port number: 10003 timer turned off - bufsize: 48128, unacked: 0 - cwnd: 642
port number: 10006 timer turned off - bufsize: 25088, unacked: 0 - cwnd: 649
port number: 10000 timer turned off - bufsize: 48640, unacked: 0 - cwnd: 1328
port number: 10006 timer turned off - bufsize: 23040, unacked: 0 - cwnd: 256
port number: 10005 timer turned off - bufsize: 39936, unacked: 0 - cwnd: 256
port number: 10003 timer turned off - bufsize: 41472, unacked: 0 - cwnd: 256
port number: 10002 timer turned off - bufsize: 49664, unacked: 0 - cwnd: 870
port number: 10004 timer turned off - bufsize: 48640, unacked: 0 - cwnd: 933
port number: 10005 timer turned off - bufsize: 46592, unacked: 0 - cwnd: 2448
port number: 10000 timer turned off - bufsize: 35328, unacked: 0 - cwnd: 256
port number: 10003 timer turned off - bufsize: 35840, unacked: 0 - cwnd: 256
port number: 10000 timer turned off - bufsize: 29696, unacked: 0 - cwnd: 640
port number: 10005 timer turned off - bufsize: 43520, unacked: 0 - cwnd: 2061
port number: 10003 timer turned off - bufsize: 41984, unacked: 0 - cwnd: 256
port number: 10007 timer turned off - bufsize: 43520, unacked: 0 - cwnd: 696
port number: 10006 timer turned off - bufsize: 50176, unacked: 0 - cwnd: 558
port number: 10001 timer turned off - bufsize: 48640, unacked: 0 - cwnd: 1480
port number: 10007 timer turned off - bufsize: 49152, unacked: 0 - cwnd: 1047
port number: 10003 timer turned off - bufsize: 48128, unacked: 0 - cwnd: 1609
port number: 10002 timer turned off - bufsize: 50176, unacked: 0 - cwnd: 512
port number: 10004 timer turned off - bufsize: 48640, unacked: 0 - cwnd: 1471
port number: 10005 timer turned off - bufsize: 31232, unacked: 0 - cwnd: 574
port number: 10003 timer turned off - bufsize: 50176, unacked: 0 - cwnd: 512
port number: 10001 timer turned off - bufsize: 49152, unacked: 0 - cwnd: 1245
port number: 10007 timer turned off - bufsize: 49152, unacked: 0 - cwnd: 1109
port number: 10005 timer turned off - bufsize: 46080, unacked: 0 - cwnd: 256
port number: 10007 timer turned off - bufsize: 49152, unacked: 0 - cwnd: 1225
port number: 10002 timer turned off - bufsize: 48640, unacked: 0 - cwnd: 1484
port number: 10003 timer turned off - bufsize: 48640, unacked: 0 - cwnd: 1425
port number: 10000 timer turned off - bufsize: 49152, unacked: 0 - cwnd: 1200
port number: 10006 timer turned off - bufsize: 49152, unacked: 0 - cwnd: 1236
port number: 10000 timer turned off - bufsize: 50176, unacked: 0 - cwnd: 600
port number: 10001 timer turned off - bufsize: 49152, unacked: 0 - cwnd: 1278
port number: 10006 timer turned off - bufsize: 49152, unacked: 0 - cwnd: 1113
port number: 10002 timer turned off - bufsize: 49152, unacked: 0 - cwnd: 1224
port number: 10000 timer turned off - bufsize: 49152, unacked: 0 - cwnd: 1170
port number: 10001 timer turned off - bufsize: 50176, unacked: 0 - cwnd: 524
port number: 10000 timer turned off - bufsize: 50176, unacked: 0 - cwnd: 585
port number: 10002 timer turned off - bufsize: 48128, unacked: 0 - cwnd: 1602
port number: 10005 timer turned off - bufsize: 12288, unacked: 0 - cwnd: 512
port number: 10003 timer turned off - bufsize: 49152, unacked: 0 - cwnd: 1047
port number: 10004 timer turned off - bufsize: 48640, unacked: 0 - cwnd: 1408
port number: 10005 timer turned off - bufsize: 37376, unacked: 0 - cwnd: 256
port number: 10005 timer turned off - bufsize: 14336, unacked: 0 - cwnd: 256
port number: 10004 timer turned off - bufsize: 49152, unacked: 0 - cwnd: 1120
port number: 10004 timer turned off - bufsize: 50176, unacked: 0 - cwnd: 560
port number: 10002 timer turned off - bufsize: 49152, unacked: 0 - cwnd: 1269
port number: 10003 timer turned off - bufsize: 49152, unacked: 0 - cwnd: 1168
port number: 10006 timer turned off - bufsize: 48128, unacked: 0 - cwnd: 1566
port number: 10002 timer turned off - bufsize: 50176, unacked: 0 - cwnd: 523
port number: 10005 timer turned off - bufsize: 37888, unacked: 0 - cwnd: 514
port number: 10000 timer turned off - bufsize: 47616, unacked: 0 - cwnd: 1830
port number: 10007 timer turned off - bufsize: 48128, unacked: 0 - cwnd: 1719
port number: 10002 timer turned off - bufsize: 48640, unacked: 0 - cwnd: 1425
port number: 10004 timer turned off - bufsize: 50176, unacked: 0 - cwnd: 763
port number: 10007 timer turned off - bufsize: 50176, unacked: 0 - cwnd: 694
port number: 10003 timer turned off - bufsize: 48640, unacked: 0 - cwnd: 1292
port number: 10001 timer turned off - bufsize: 50176, unacked: 0 - cwnd: 512
port number: 10000 timer turned off - bufsize: 48128, unacked: 0 - cwnd: 1687
port number: 10007 timer turned off - bufsize: 49152, unacked: 0 - cwnd: 1126
port number: 10003 timer turned off - bufsize: 47616, unacked: 0 - cwnd: 1970
port number: 10000 timer turned off - bufsize: 48640, unacked: 0 - cwnd: 1425
port number: 10004 timer turned off - bufsize: 29184, unacked: 0 - cwnd: 256
port number: 10003 timer turned off - bufsize: 48128, unacked: 0 - cwnd: 655
port number: 10007 timer turned off - bufsize: 30208, unacked: 0 - cwnd: 512
port number: 10004 timer turned off - bufsize: 48128, unacked: 0 - cwnd: 371
port number: 10007 timer turned off - bufsize: 38912, unacked: 0 - cwnd: 512
port number: 10001 timer turned off - bufsize: 48640, unacked: 0 - cwnd: 1289
port number: 10002 timer turned off - bufsize: 47104, unacked: 0 - cwnd: 2099
port number: 10005 timer turned off - bufsize: 47616, unacked: 0 - cwnd: 1801
port number: 10001 timer turned off - bufsize: 50176, unacked: 0 - cwnd: 525
port number: 10000 timer turned off - bufsize: 49152, unacked: 0 - cwnd: 1047
port number: 10003 timer turned off - bufsize: 48128, unacked: 0 - cwnd: 1692
port number: 10004 timer turned off - bufsize: 47104, unacked: 0 - cwnd: 2159
port number: 10002 timer turned off - bufsize: 47616, unacked: 0 - cwnd: 1970
port number: 10003 timer turned off - bufsize: 50176, unacked: 0 - cwnd: 690
port number: 10006 timer turned off - bufsize: 49152, unacked: 0 - cwnd: 1234
port number: 10005 timer turned off - bufsize: 48128, unacked: 0 - cwnd: 1565
port number: 10001 timer turned off - bufsize: 35328, unacked: 0 - cwnd: 256
port number: 10006 timer turned off - bufsize: 32768, unacked: 0 - cwnd: 256
port number: 10002 timer turned off - bufsize: 49152, unacked: 0 - cwnd: 864
port number: 10001 timer turned off - bufsize: 26624, unacked: 0 - cwnd: 523
port number: 10002 timer turned off - bufsize: 50688, unacked: 0 - cwnd: 432
port number: 10007 timer turned off - bufsize: 48640, unacked: 0 - cwnd: 1524
port number: 10006 timer turned off - bufsize: 49664, unacked: 0 - cwnd: 445
port number: 10007 timer turned off - bufsize: 31232, unacked: 0 - cwnd: 256
port number: 10000 timer turned off - bufsize: 43008, unacked: 0 - cwnd: 256
port number: 10005 timer turned off - bufsize: 40960, unacked: 0 - cwnd: 512
port number: 10001 timer turned off - bufsize: 43520, unacked: 0 - cwnd: 512
port number: 10003 timer turned off - bufsize: 40448, unacked: 0 - cwnd: 512
port number: 10005 timer turned off - bufsize: 48128, unacked: 0 - cwnd: 1680
port number: 10002 timer turned off - bufsize: 48640, unacked: 0 - cwnd: 256
port number: 10007 timer turned off - bufsize: 24576, unacked: 0 - cwnd: 256
port number: 10002 timer turned off - bufsize: 50688, unacked: 0 - cwnd: 256
port number: 10003 timer turned off - bufsize: 41472, unacked: 0 - cwnd: 640
port number: 10006 timer turned off - bufsize: 48128, unacked: 0 - cwnd: 1622
port number: 10003 timer turned off - bufsize: 47616, unacked: 0 - cwnd: 742
port number: 10004 timer turned off - bufsize: 48640, unacked: 0 - cwnd: 512
port number: 10001 timer turned off - bufsize: 49152, unacked: 0 - cwnd: 1068
port number: 10001 timer turned off - bufsize: 47104, unacked: 0 - cwnd: 1277
port number: 10001 timer turned off - bufsize: 38400, unacked: 0 - cwnd: 256
port number: 10001 timer turned off - bufsize: 21504, unacked: 0 - cwnd: 640
port number: 10006 timer turned off - bufsize: 41472, unacked: 0 - cwnd: 3139
port number: 10005 timer turned off - bufsize: 35328, unacked: 0 - cwnd: 256
port number: 10001 timer turned off - bufsize: 49152, unacked: 0 - cwnd: 742
port number: 10002 timer turned off - bufsize: 48640, unacked: 0 - cwnd: 1436
port number: 10005 timer turned off - bufsize: 16384, unacked: 0 - cwnd: 256
port number: 10000 timer turned off - bufsize: 49152, unacked: 0 - cwnd: 1047
port number: 10004 timer turned off - bufsize: 47616, unacked: 0 - cwnd: 1968
port number: 10005 timer turned off - bufsize: 49152, unacked: 0 - cwnd: 512
port number: 10003 timer turned off - bufsize: 49152, unacked: 0 - cwnd: 1240
port number: 10001 timer turned off - bufsize: 41984, unacked: 0 - cwnd: 512
port number: 10005 timer turned off - bufsize: 45568, unacked: 0 - cwnd: 552
port number: 10004 timer turned off - bufsize: 37376, unacked: 0 - cwnd: 256
port number: 10006 timer turned off - bufsize: 34304, unacked: 0 - cwnd: 256
port number: 10005 timer turned off - bufsize: 33280, unacked: 0 - cwnd: 256
port number: 10004 timer turned off - bufsize: 32256, unacked: 0 - cwnd: 554
port number: 10003 timer turned off - bufsize: 49152, unacked: 0 - cwnd: 1054
port number: 10006 timer turned off - bufsize: 40448, unacked: 0 - cwnd: 640
port number: 10005 timer turned off - bufsize: 45568, unacked: 0 - cwnd: 2133
port number: 10007 timer turned off - bufsize: 41984, unacked: 0 - cwnd: 256
port number: 10003 timer turned off - bufsize: 49664, unacked: 0 - cwnd: 725
port number: 10000 timer turned off - bufsize: 38912, unacked: 0 - cwnd: 256
port number: 10007 timer turned off - bufsize: 27648, unacked: 0 - cwnd: 256
port number: 10002 timer turned off - bufsize: 48640, unacked: 0 - cwnd: 1455
port number: 10003 timer turned off - bufsize: 48640, unacked: 0 - cwnd: 1336
port number: 10000 timer turned off - bufsize: 48128, unacked: 0 - cwnd: 1558
port number: 10002 timer turned off - bufsize: 48640, unacked: 0 - cwnd: 1435
port number: 10001 timer turned off - bufsize: 49152, unacked: 0 - cwnd: 1168
port number: 10007 timer turned off - bufsize: 35840, unacked: 0 - cwnd: 256
port number: 10001 timer turned off - bufsize: 50176, unacked: 0 - cwnd: 516
port number: 10000 timer turned off - bufsize: 48128, unacked: 0 - cwnd: 1646
port number: 10007 timer turned off - bufsize: 41984, unacked: 0 - cwnd: 302
port number: 10002 timer turned off - bufsize: 48640, unacked: 0 - cwnd: 1338
port number: 10002 timer turned off - bufsize: 48640, unacked: 0 - cwnd: 1476
port number: 10001 timer turned off - bufsize: 45568, unacked: 0 - cwnd: 1550
port number: 10001 timer turned off - bufsize: 48128, unacked: 0 - cwnd: 556
port number: 10000 timer turned off - bufsize: 48640, unacked: 0 - cwnd: 1385
port number: 10001 timer turned off - bufsize: 50688, unacked: 0 - cwnd: 278
port number: 10007 timer turned off - bufsize: 47616, unacked: 0 - cwnd: 256
port number: 10002 timer turned off - bufsize: 48128, unacked: 0 - cwnd: 1600
port number: 10007 timer turned off - bufsize: 24576, unacked: 0 - cwnd: 256
port number: 10004 timer turned off - bufsize: 49152, unacked: 0 - cwnd: 1278
port number: 10003 timer turned off - bufsize: 48128, unacked: 0 - cwnd: 1600
port number: 10003 timer turned off - bufsize: 50176, unacked: 0 - cwnd: 563
port number: 10002 timer turned off - bufsize: 49152, unacked: 0 - cwnd: 1240
port number: 10004 timer turned off - bufsize: 48640, unacked: 0 - cwnd: 1281
port number: 10005 timer turned off - bufsize: 48128, unacked: 0 - cwnd: 1692
port number: 10003 timer turned off - bufsize: 49152, unacked: 0 - cwnd: 1169
port number: 10001 timer turned off - bufsize: 45568, unacked: 0 - cwnd: 838
port number: 10000 timer turned off - bufsize: 47104, unacked: 0 - cwnd: 1561
port number: 10003 timer turned off - bufsize: 47616, unacked: 0 - cwnd: 1433
port number: 10007 timer turned off - bufsize: 48640, unacked: 0 - cwnd: 784
port number: 10002 timer turned off - bufsize: 36864, unacked: 0 - cwnd: 256
port number: 10006 timer turned off - bufsize: 48128, unacked: 0 - cwnd: 648
port number: 10003 timer turned off - bufsize: 46592, unacked: 0 - cwnd: 2293
port number: 10002 timer turned off - bufsize: 37376, unacked: 0 - cwnd: 256
port number: 10000 timer turned off - bufsize: 34304, unacked: 0 - cwnd: 512
port number: 10007 timer turned off - bufsize: 50176, unacked: 0 - cwnd: 547
port number: 10001 timer turned off - bufsize: 49152, unacked: 0 - cwnd: 1228
port number: 10007 timer turned off - bufsize: 42496, unacked: 0 - cwnd: 256
port number: 10000 timer turned off - bufsize: 33280, unacked: 0 - cwnd: 256
port number: 10006 timer turned off - bufsize: 49152, unacked: 0 - cwnd: 512
port number: 10005 timer turned off - bufsize: 50176, unacked: 0 - cwnd: 534
port number: 10006 timer turned off - bufsize: 50688, unacked: 0 - cwnd: 256
port number: 10007 timer turned off - bufsize: 32256, unacked: 0 - cwnd: 598
port number: 10003 timer turned off - bufsize: 48640, unacked: 0 - cwnd: 996
port number: 10003 timer turned off - bufsize: 50688, unacked: 0 - cwnd: 498
port number: 10005 timer turned off - bufsize: 48128, unacked: 0 - cwnd: 1558
port number: 10006 timer turned off - bufsize: 48128, unacked: 0 - cwnd: 1641
port number: 10004 timer turned off - bufsize: 49664, unacked: 0 - cwnd: 512
port number: 10003 timer turned off - bufsize: 48128, unacked: 0 - cwnd: 1558
port number: 10007 timer turned off - bufsize: 50176, unacked: 0 - cwnd: 256
port number: 10003 timer turned off - bufsize: 48640, unacked: 0 - cwnd: 1384
port number: 10002 timer turned off - bufsize: 48640, unacked: 0 - cwnd: 1460
port number: 10007 timer turned off - bufsize: 0, unacked: 0 - cwnd: 3145
Late close called, FIN sent. (port: 10007)
FIN packet reaaaaally ssent. (port: 10007)
port number: 10001 timer turned off - bufsize: 12800, unacked: 0 - cwnd: 1109
port number: 10001 timer turned off - bufsize: 0, unacked: 0 - cwnd: 3662
Late close called, FIN sent. (port: 10001)
FIN packet reaaaaally ssent. (port: 10001)
port number: 10006 timer turned off - bufsize: 34304, unacked: 0 - cwnd: 256
port number: 10006 timer turned off - bufsize: 19968, unacked: 0 - cwnd: 664
port number: 10005 timer turned off - bufsize: 48640, unacked: 0 - cwnd: 262
port number: 10005 timer turned off - bufsize: 50688, unacked: 0 - cwnd: 256
port number: 10005 timer turned off - bufsize: 0, unacked: 0 - cwnd: 8339
Late close called, FIN sent. (port: 10005)
FIN packet reaaaaally ssent. (port: 10005)
port number: 10004 timer turned off - bufsize: 33280, unacked: 0 - cwnd: 256
port number: 10003 timer turned off - bufsize: 20480, unacked: 0 - cwnd: 256
port number: 10003 timer turned off - bufsize: 48128, unacked: 0 - cwnd: 1641
port number: 10000 timer turned off - bufsize: 49664, unacked: 0 - cwnd: 849
port number: 10000 timer turned off - bufsize: 50688, unacked: 0 - cwnd: 424
port number: 10004 timer turned off - bufsize: 31744, unacked: 0 - cwnd: 256
port number: 10002 timer turned off - bufsize: 48640, unacked: 0 - cwnd: 512
port number: 10003 timer turned off - bufsize: 0, unacked: 0 - cwnd: 6609
Late close called, FIN sent. (port: 10003)
FIN packet reaaaaally ssent. (port: 10003)
port number: 10000 timer turned off - bufsize: 0, unacked: 0 - cwnd: 15012
Late close called, FIN sent. (port: 10000)
FIN packet reaaaaally ssent. (port: 10000)
port number: 10004 timer turned off - bufsize: 0, unacked: 0 - cwnd: 4315
Late close called, FIN sent. (port: 10004)
FIN packet reaaaaally ssent. (port: 10004)
port number: 10002 timer turned off - bufsize: 45568, unacked: 0 - cwnd: 666
port number: 10006 timer turned off - bufsize: 39936, unacked: 0 - cwnd: 384
port number: 10006 timer turned off - bufsize: 0, unacked: 0 - cwnd: 13225
Late close called, FIN sent. (port: 10006)
FIN packet reaaaaally ssent. (port: 10006)
port number: 10002 timer turned off - bufsize: 0, unacked: 0 - cwnd: 25458
Late close called, FIN sent. (port: 10002)
FIN packet reaaaaally ssent. (port: 10002)
[       OK ] TestEnv_Congestion2.TestCongestion2 (33677 ms)
[----------] 1 test from TestEnv_Congestion2 (33677 ms total)

[----------] Global test environment tear-down
[==========] 3 tests from 3 test cases ran. (76132 ms total)
[  PASSED  ] 3 tests.
Note that passing this test does not mean that you are finished.
Check the pcap file that you have implemented congestion control well.
make[2]: Nothing to be done for `all'.
make[2]: Nothing to be done for `all'.
Running test cases for project1...
Running main() from gtest_main.cc
Note: Google Test filter = TestEnv_Reliable.TestOpen:TestEnv_Reliable.TestBind_*
[==========] Running 8 tests from 1 test case.
[----------] Global test environment set-up.
[----------] 8 tests from TestEnv_Reliable
[ RUN      ] TestEnv_Reliable.TestBind_Simple
[       OK ] TestEnv_Reliable.TestBind_Simple (1 ms)
[ RUN      ] TestEnv_Reliable.TestBind_DoubleBind
[       OK ] TestEnv_Reliable.TestBind_DoubleBind (0 ms)
[ RUN      ] TestEnv_Reliable.TestBind_GetSockName
[       OK ] TestEnv_Reliable.TestBind_GetSockName (0 ms)
[ RUN      ] TestEnv_Reliable.TestBind_OverlapPort
[       OK ] TestEnv_Reliable.TestBind_OverlapPort (1 ms)
[ RUN      ] TestEnv_Reliable.TestBind_OverlapClosed
[       OK ] TestEnv_Reliable.TestBind_OverlapClosed (0 ms)
[ RUN      ] TestEnv_Reliable.TestBind_DifferentIP_SamePort
[       OK ] TestEnv_Reliable.TestBind_DifferentIP_SamePort (0 ms)
[ RUN      ] TestEnv_Reliable.TestBind_SameIP_DifferentPort
[       OK ] TestEnv_Reliable.TestBind_SameIP_DifferentPort (1 ms)
[ RUN      ] TestEnv_Reliable.TestOpen
[       OK ] TestEnv_Reliable.TestOpen (4662 ms)
[----------] 8 tests from TestEnv_Reliable (4666 ms total)

[----------] Global test environment tear-down
[==========] 8 tests from 1 test case ran. (4666 ms total)
[  PASSED  ] 8 tests.
Running test cases for project2...
Running main() from gtest_main.cc
Note: Google Test filter = TestEnv_Reliable.TestAccept_*:TestEnv_Any.TestAccept_*:TestEnv_Any.TestConnect_*:TestEnv_Any.TestClose_*
[==========] Running 15 tests from 2 test cases.
[----------] Global test environment set-up.
[----------] 2 tests from TestEnv_Reliable
[ RUN      ] TestEnv_Reliable.TestAccept_Backlog1
[       OK ] TestEnv_Reliable.TestAccept_Backlog1 (52 ms)
[ RUN      ] TestEnv_Reliable.TestAccept_Backlog2
[       OK ] TestEnv_Reliable.TestAccept_Backlog2 (3 ms)
[----------] 2 tests from TestEnv_Reliable (55 ms total)

[----------] 13 tests from TestEnv_Any
[ RUN      ] TestEnv_Any.TestClose_Connect_CloseFirst
FIN packet reaaaaally ssent. (port: 9999)
[       OK ] TestEnv_Any.TestClose_Connect_CloseFirst (2 ms)
[ RUN      ] TestEnv_Any.TestClose_Connect_CloseLater
FIN packet reaaaaally ssent. (port: 9999)
[       OK ] TestEnv_Any.TestClose_Connect_CloseLater (1 ms)
[ RUN      ] TestEnv_Any.TestClose_Connect_CloseSimultaneous
FIN packet reaaaaally ssent. (port: 9999)
[       OK ] TestEnv_Any.TestClose_Connect_CloseSimultaneous (0 ms)
[ RUN      ] TestEnv_Any.TestClose_Accept_CloseLater
FIN packet reaaaaally ssent. (port: 23288)
[       OK ] TestEnv_Any.TestClose_Accept_CloseLater (0 ms)
[ RUN      ] TestEnv_Any.TestClose_Accept_CloseFirst
FIN packet reaaaaally ssent. (port: 46440)
[       OK ] TestEnv_Any.TestClose_Accept_CloseFirst (1 ms)
[ RUN      ] TestEnv_Any.TestClose_Accept_CloseSimultaneous
FIN packet reaaaaally ssent. (port: 11801)
[       OK ] TestEnv_Any.TestClose_Accept_CloseSimultaneous (1 ms)
[ RUN      ] TestEnv_Any.TestAccept_BeforeAccept
FIN packet reaaaaally ssent. (port: 44854)
[       OK ] TestEnv_Any.TestAccept_BeforeAccept (1 ms)
[ RUN      ] TestEnv_Any.TestAccept_AfterAccept
FIN packet reaaaaally ssent. (port: 19713)
[       OK ] TestEnv_Any.TestAccept_AfterAccept (1 ms)
[ RUN      ] TestEnv_Any.TestAccept_MultipleInterface1
FIN packet reaaaaally ssent. (port: 39038)
FIN packet reaaaaally ssent. (port: 11941)
FIN packet reaaaaally ssent. (port: 10360)
FIN packet reaaaaally ssent. (port: 25801)
FIN packet reaaaaally ssent. (port: 17966)
FIN packet reaaaaally ssent. (port: 37860)
FIN packet reaaaaally ssent. (port: 13167)
FIN packet reaaaaally ssent. (port: 29643)
[       OK ] TestEnv_Any.TestAccept_MultipleInterface1 (4 ms)
[ RUN      ] TestEnv_Any.TestAccept_MultipleInterface2
FIN packet reaaaaally ssent. (port: 20628)
FIN packet reaaaaally ssent. (port: 43527)
FIN packet reaaaaally ssent. (port: 33503)
FIN packet reaaaaally ssent. (port: 44492)
FIN packet reaaaaally ssent. (port: 64052)
FIN packet reaaaaally ssent. (port: 39052)
[       OK ] TestEnv_Any.TestAccept_MultipleInterface2 (4 ms)
[ RUN      ] TestEnv_Any.TestConnect_BeforeAccept
FIN packet reaaaaally ssent. (port: 9999)
[       OK ] TestEnv_Any.TestConnect_BeforeAccept (1 ms)
[ RUN      ] TestEnv_Any.TestConnect_AfterAccept
FIN packet reaaaaally ssent. (port: 9999)
[       OK ] TestEnv_Any.TestConnect_AfterAccept (2 ms)
[ RUN      ] TestEnv_Any.TestConnect_SimultaneousConnect
testhandshake.cpp:629: Failure
      Expected: ret
      Which is: -1
To be equal to: 0
testhandshake.cpp:634: Failure
      Expected: ret
      Which is: -1
To be equal to: 0
testhandshake.cpp:635: Failure
      Expected: addr.sin_addr.s_addr
      Which is: 67174410
To be equal to: temp_addr.sin_addr.s_addr
      Which is: 28672
testhandshake.cpp:636: Failure
      Expected: addr.sin_family
      Which is: '\x2' (2)
To be equal to: temp_addr.sin_family
      Which is: '\x10' (16)
testhandshake.cpp:637: Failure
      Expected: addr.sin_port
      Which is: 14640
To be equal to: temp_addr.sin_port
      Which is: 8
testhandshake.cpp:640: Failure
      Expected: ret
      Which is: -1
To be equal to: 0
testhandshake.cpp:642: Failure
      Expected: bind_addr.sin_addr.s_addr
      Which is: 117483712
To be equal to: temp_addr.sin_addr.s_addr
      Which is: 28672
testhandshake.cpp:643: Failure
      Expected: bind_addr.sin_family
      Which is: '\x2' (2)
To be equal to: temp_addr.sin_family
      Which is: '\x10' (16)
testhandshake.cpp:644: Failure
      Expected: bind_addr.sin_port
      Which is: 52822
To be equal to: temp_addr.sin_port
      Which is: 8
testhandshake.cpp:629: Failure
      Expected: ret
      Which is: -1
To be equal to: 0
testhandshake.cpp:634: Failure
      Expected: ret
      Which is: -1
To be equal to: 0
testhandshake.cpp:635: Failure
      Expected: addr.sin_addr.s_addr
      Which is: 117483712
To be equal to: temp_addr.sin_addr.s_addr
      Which is: 28672
testhandshake.cpp:636: Failure
      Expected: addr.sin_family
      Which is: '\x2' (2)
To be equal to: temp_addr.sin_family
      Which is: '@' (64, 0x40)
testhandshake.cpp:637: Failure
      Expected: addr.sin_port
      Which is: 52822
To be equal to: temp_addr.sin_port
      Which is: 16
testhandshake.cpp:640: Failure
      Expected: ret
      Which is: -1
To be equal to: 0
testhandshake.cpp:642: Failure
      Expected: bind_addr.sin_addr.s_addr
      Which is: 67174410
To be equal to: temp_addr.sin_addr.s_addr
      Which is: 28672
testhandshake.cpp:643: Failure
      Expected: bind_addr.sin_family
      Which is: '\x2' (2)
To be equal to: temp_addr.sin_family
      Which is: '@' (64, 0x40)
testhandshake.cpp:644: Failure
      Expected: bind_addr.sin_port
      Which is: 14640
To be equal to: temp_addr.sin_port
      Which is: 16
[  FAILED  ] TestEnv_Any.TestConnect_SimultaneousConnect (360 ms)
[----------] 13 tests from TestEnv_Any (379 ms total)

[----------] Global test environment tear-down
[==========] 15 tests from 2 test cases ran. (434 ms total)
[  PASSED  ] 14 tests.
[  FAILED  ] 1 test, listed below:
[  FAILED  ] TestEnv_Any.TestConnect_SimultaneousConnect

 1 FAILED TEST
Running test cases for project3...
Running main() from gtest_main.cc
Note: Google Test filter = TestEnv_Any.TestTransfer_*
[==========] Running 12 tests from 1 test case.
[----------] Global test environment set-up.
[----------] 12 tests from TestEnv_Any
[ RUN      ] TestEnv_Any.TestTransfer_Connect_Send_Symmetric
port number: 9999 timer turned off - bufsize: 0, unacked: 0 - cwnd: 65036
Late close called, FIN sent. (port: 9999)
FIN packet reaaaaally ssent. (port: 9999)
[       OK ] TestEnv_Any.TestTransfer_Connect_Send_Symmetric (52 ms)
[ RUN      ] TestEnv_Any.TestTransfer_Connect_Send_EOF
port number: 9999 timer turned off - bufsize: 0, unacked: 0 - cwnd: 65036
Late close called, FIN sent. (port: 9999)
FIN packet reaaaaally ssent. (port: 9999)
[       OK ] TestEnv_Any.TestTransfer_Connect_Send_EOF (44 ms)
[ RUN      ] TestEnv_Any.TestTransfer_Connect_Recv_Symmetric
FIN packet reaaaaally ssent. (port: 9999)
[       OK ] TestEnv_Any.TestTransfer_Connect_Recv_Symmetric (49 ms)
[ RUN      ] TestEnv_Any.TestTransfer_Connect_Recv_EOF
FIN packet reaaaaally ssent. (port: 9999)
[       OK ] TestEnv_Any.TestTransfer_Connect_Recv_EOF (46 ms)
[ RUN      ] TestEnv_Any.TestTransfer_Connect_Recv_SmallBuffer1
FIN packet reaaaaally ssent. (port: 9999)
[       OK ] TestEnv_Any.TestTransfer_Connect_Recv_SmallBuffer1 (62 ms)
[ RUN      ] TestEnv_Any.TestTransfer_Connect_Recv_SmallBuffer2
FIN packet reaaaaally ssent. (port: 9999)
[       OK ] TestEnv_Any.TestTransfer_Connect_Recv_SmallBuffer2 (239 ms)
[ RUN      ] TestEnv_Any.TestTransfer_Accept_Send_Symmetric
port number: 46745 timer turned off - bufsize: 0, unacked: 0 - cwnd: 65036
Late close called, FIN sent. (port: 46745)
FIN packet reaaaaally ssent. (port: 46745)
[       OK ] TestEnv_Any.TestTransfer_Accept_Send_Symmetric (46 ms)
[ RUN      ] TestEnv_Any.TestTransfer_Accept_Send_EOF
port number: 43942 timer turned off - bufsize: 0, unacked: 0 - cwnd: 65036
Late close called, FIN sent. (port: 43942)
FIN packet reaaaaally ssent. (port: 43942)
[       OK ] TestEnv_Any.TestTransfer_Accept_Send_EOF (51 ms)
[ RUN      ] TestEnv_Any.TestTransfer_Accept_Recv_Symmetric
FIN packet reaaaaally ssent. (port: 43100)
[       OK ] TestEnv_Any.TestTransfer_Accept_Recv_Symmetric (55 ms)
[ RUN      ] TestEnv_Any.TestTransfer_Accept_Recv_EOF
FIN packet reaaaaally ssent. (port: 25971)
[       OK ] TestEnv_Any.TestTransfer_Accept_Recv_EOF (73 ms)
[ RUN      ] TestEnv_Any.TestTransfer_Accept_Recv_SmallBuffer1
FIN packet reaaaaally ssent. (port: 35960)
[       OK ] TestEnv_Any.TestTransfer_Accept_Recv_SmallBuffer1 (66 ms)
[ RUN      ] TestEnv_Any.TestTransfer_Accept_Recv_SmallBuffer2
FIN packet reaaaaally ssent. (port: 16067)
[       OK ] TestEnv_Any.TestTransfer_Accept_Recv_SmallBuffer2 (207 ms)
[----------] 12 tests from TestEnv_Any (990 ms total)

[----------] Global test environment tear-down
[==========] 12 tests from 1 test case ran. (990 ms total)
[  PASSED  ] 12 tests.
Running test cases for project4...
Running main() from gtest_main.cc
Note: Google Test filter = TestEnv_Congestion*
[==========] Running 3 tests from 3 test cases.
[----------] Global test environment set-up.
[----------] 1 test from TestEnv_Congestion0
[ RUN      ] TestEnv_Congestion0.TestCongestion0
port number: 10000 timer turned off - bufsize: 0, unacked: 0 - cwnd: 262145
Late close called, FIN sent. (port: 10000)
FIN packet reaaaaally ssent. (port: 10000)
[       OK ] TestEnv_Congestion0.TestCongestion0 (35614 ms)
[----------] 1 test from TestEnv_Congestion0 (35614 ms total)

[----------] 1 test from TestEnv_Congestion1
[ RUN      ] TestEnv_Congestion1.TestCongestion1
port number: 10001 timer turned off - bufsize: 25088, unacked: 0 - cwnd: 1087
port number: 10000 timer turned off - bufsize: 23040, unacked: 0 - cwnd: 256
port number: 10001 timer turned off - bufsize: 28160, unacked: 0 - cwnd: 512
port number: 10001 timer turned off - bufsize: 49152, unacked: 0 - cwnd: 516
port number: 10000 timer turned off - bufsize: 5120, unacked: 0 - cwnd: 512
port number: 10000 timer turned off - bufsize: 40448, unacked: 0 - cwnd: 830
port number: 10001 timer turned off - bufsize: 5120, unacked: 0 - cwnd: 23090
port number: 10001 timer turned off - bufsize: 44032, unacked: 0 - cwnd: 640
port number: 10001 timer turned off - bufsize: 47616, unacked: 0 - cwnd: 763
port number: 10000 timer turned off - bufsize: 46592, unacked: 0 - cwnd: 742
port number: 10001 timer turned off - bufsize: 13312, unacked: 0 - cwnd: 19163
port number: 10000 timer turned off - bufsize: 27136, unacked: 0 - cwnd: 256
port number: 10001 timer turned off - bufsize: 16384, unacked: 0 - cwnd: 17423
port number: 10000 timer turned off - bufsize: 29184, unacked: 0 - cwnd: 1824
port number: 10000 timer turned off - bufsize: 39424, unacked: 0 - cwnd: 277
port number: 10001 timer turned off - bufsize: 40960, unacked: 0 - cwnd: 305
port number: 10001 timer turned off - bufsize: 49152, unacked: 0 - cwnd: 371
port number: 10000 timer turned off - bufsize: 34816, unacked: 0 - cwnd: 512
port number: 10001 timer turned off - bufsize: 36352, unacked: 0 - cwnd: 432
port number: 10000 timer turned off - bufsize: 18432, unacked: 0 - cwnd: 586
port number: 10000 timer turned off - bufsize: 0, unacked: 0 - cwnd: 41680
Late close called, FIN sent. (port: 10000)
FIN packet reaaaaally ssent. (port: 10000)
port number: 10001 timer turned off - bufsize: 0, unacked: 0 - cwnd: 45371
Late close called, FIN sent. (port: 10001)
FIN packet reaaaaally ssent. (port: 10001)
[       OK ] TestEnv_Congestion1.TestCongestion1 (7833 ms)
[----------] 1 test from TestEnv_Congestion1 (7833 ms total)

[----------] 1 test from TestEnv_Congestion2
[ RUN      ] TestEnv_Congestion2.TestCongestion2
port number: 10005 timer turned off - bufsize: 47104, unacked: 0 - cwnd: 1132
port number: 10003 timer turned off - bufsize: 37888, unacked: 0 - cwnd: 4239
port number: 10001 timer turned off - bufsize: 47104, unacked: 0 - cwnd: 830
port number: 10000 timer turned off - bufsize: 40960, unacked: 0 - cwnd: 512
port number: 10004 timer turned off - bufsize: 41984, unacked: 0 - cwnd: 640
port number: 10007 timer turned off - bufsize: 47104, unacked: 0 - cwnd: 2221
port number: 10005 timer turned off - bufsize: 42496, unacked: 0 - cwnd: 640
port number: 10006 timer turned off - bufsize: 48128, unacked: 0 - cwnd: 524
port number: 10000 timer turned off - bufsize: 39936, unacked: 0 - cwnd: 256
port number: 10004 timer turned off - bufsize: 35328, unacked: 0 - cwnd: 742
port number: 10007 timer turned off - bufsize: 47104, unacked: 0 - cwnd: 2076
port number: 10004 timer turned off - bufsize: 48128, unacked: 0 - cwnd: 640
port number: 10007 timer turned off - bufsize: 50176, unacked: 0 - cwnd: 688
port number: 10002 timer turned off - bufsize: 48640, unacked: 0 - cwnd: 1425
port number: 10003 timer turned off - bufsize: 48128, unacked: 0 - cwnd: 1626
port number: 10003 timer turned off - bufsize: 50176, unacked: 0 - cwnd: 533
port number: 10004 timer turned off - bufsize: 35840, unacked: 0 - cwnd: 256
port number: 10002 timer turned off - bufsize: 48640, unacked: 0 - cwnd: 1479
port number: 10004 timer turned off - bufsize: 36352, unacked: 0 - cwnd: 512
port number: 10003 timer turned off - bufsize: 48640, unacked: 0 - cwnd: 1471
port number: 10004 timer turned off - bufsize: 48128, unacked: 0 - cwnd: 256
port number: 10006 timer turned off - bufsize: 49152, unacked: 0 - cwnd: 1168
port number: 10000 timer turned off - bufsize: 48640, unacked: 0 - cwnd: 1329
port number: 10003 timer turned off - bufsize: 49152, unacked: 0 - cwnd: 1181
port number: 10007 timer turned off - bufsize: 49152, unacked: 0 - cwnd: 1224
port number: 10000 timer turned off - bufsize: 50176, unacked: 0 - cwnd: 529
port number: 10000 timer turned off - bufsize: 49152, unacked: 0 - cwnd: 1109
port number: 10001 timer turned off - bufsize: 49152, unacked: 0 - cwnd: 1047
port number: 10007 timer turned off - bufsize: 48128, unacked: 0 - cwnd: 1642
port number: 10003 timer turned off - bufsize: 49664, unacked: 0 - cwnd: 863
port number: 10004 timer turned off - bufsize: 44032, unacked: 0 - cwnd: 256
port number: 10002 timer turned off - bufsize: 50176, unacked: 0 - cwnd: 512
port number: 10003 timer turned off - bufsize: 50176, unacked: 0 - cwnd: 712
port number: 10002 timer turned off - bufsize: 50176, unacked: 0 - cwnd: 512
port number: 10004 timer turned off - bufsize: 26624, unacked: 0 - cwnd: 256
port number: 10004 timer turned off - bufsize: 43008, unacked: 0 - cwnd: 771
port number: 10002 timer turned off - bufsize: 38400, unacked: 0 - cwnd: 256
port number: 10004 timer turned off - bufsize: 30208, unacked: 0 - cwnd: 256
port number: 10005 timer turned off - bufsize: 50688, unacked: 0 - cwnd: 320
port number: 10002 timer turned off - bufsize: 45056, unacked: 0 - cwnd: 749
port number: 10004 timer turned off - bufsize: 41984, unacked: 0 - cwnd: 256
port number: 10002 timer turned off - bufsize: 45568, unacked: 0 - cwnd: 512
port number: 10001 timer turned off - bufsize: 47616, unacked: 0 - cwnd: 1472
port number: 10002 timer turned off - bufsize: 41984, unacked: 0 - cwnd: 256
port number: 10005 timer turned off - bufsize: 46080, unacked: 0 - cwnd: 2645
port number: 10000 timer turned off - bufsize: 43008, unacked: 0 - cwnd: 256
port number: 10001 timer turned off - bufsize: 30720, unacked: 0 - cwnd: 256
port number: 10002 timer turned off - bufsize: 23040, unacked: 0 - cwnd: 256
port number: 10007 timer turned off - bufsize: 43008, unacked: 0 - cwnd: 2425
port number: 10000 timer turned off - bufsize: 43520, unacked: 0 - cwnd: 256
port number: 10001 timer turned off - bufsize: 50176, unacked: 0 - cwnd: 537
port number: 10000 timer turned off - bufsize: 46080, unacked: 0 - cwnd: 1074
port number: 10005 timer turned off - bufsize: 47104, unacked: 0 - cwnd: 1201
port number: 10002 timer turned off - bufsize: 38912, unacked: 0 - cwnd: 256
port number: 10001 timer turned off - bufsize: 43520, unacked: 0 - cwnd: 256
port number: 10002 timer turned off - bufsize: 47616, unacked: 0 - cwnd: 1901
port number: 10004 timer turned off - bufsize: 44544, unacked: 0 - cwnd: 499
port number: 10005 timer turned off - bufsize: 31744, unacked: 0 - cwnd: 256
port number: 10003 timer turned off - bufsize: 48640, unacked: 0 - cwnd: 512
port number: 10004 timer turned off - bufsize: 47616, unacked: 0 - cwnd: 512
port number: 10005 timer turned off - bufsize: 29184, unacked: 0 - cwnd: 742
port number: 10000 timer turned off - bufsize: 42496, unacked: 0 - cwnd: 512
port number: 10001 timer turned off - bufsize: 46080, unacked: 0 - cwnd: 256
port number: 10001 timer turned off - bufsize: 42496, unacked: 0 - cwnd: 512
port number: 10007 timer turned off - bufsize: 46080, unacked: 0 - cwnd: 1422
port number: 10003 timer turned off - bufsize: 37376, unacked: 0 - cwnd: 256
port number: 10001 timer turned off - bufsize: 38400, unacked: 0 - cwnd: 256
port number: 10002 timer turned off - bufsize: 45568, unacked: 0 - cwnd: 256
port number: 10001 timer turned off - bufsize: 29184, unacked: 0 - cwnd: 256
port number: 10003 timer turned off - bufsize: 48128, unacked: 0 - cwnd: 1024
port number: 10006 timer turned off - bufsize: 48640, unacked: 0 - cwnd: 546
port number: 10004 timer turned off - bufsize: 48640, unacked: 0 - cwnd: 1307
port number: 10003 timer turned off - bufsize: 50176, unacked: 0 - cwnd: 536
port number: 10000 timer turned off - bufsize: 47616, unacked: 0 - cwnd: 1908
port number: 10007 timer turned off - bufsize: 49152, unacked: 0 - cwnd: 1195
port number: 10000 timer turned off - bufsize: 50176, unacked: 0 - cwnd: 720
port number: 10001 timer turned off - bufsize: 20992, unacked: 0 - cwnd: 632
port number: 10005 timer turned off - bufsize: 49152, unacked: 0 - cwnd: 1047
port number: 10007 timer turned off - bufsize: 48640, unacked: 0 - cwnd: 1330
port number: 10001 timer turned off - bufsize: 40448, unacked: 0 - cwnd: 651
port number: 10000 timer turned off - bufsize: 49152, unacked: 0 - cwnd: 1179
port number: 10004 timer turned off - bufsize: 49152, unacked: 0 - cwnd: 1240
port number: 10002 timer turned off - bufsize: 47616, unacked: 0 - cwnd: 2003
port number: 10005 timer turned off - bufsize: 49152, unacked: 0 - cwnd: 1172
port number: 10000 timer turned off - bufsize: 48640, unacked: 0 - cwnd: 1329
port number: 10003 timer turned off - bufsize: 47104, unacked: 0 - cwnd: 2265
port number: 10002 timer turned off - bufsize: 48640, unacked: 0 - cwnd: 1340
port number: 10005 timer turned off - bufsize: 48640, unacked: 0 - cwnd: 1426
port number: 10001 timer turned off - bufsize: 45568, unacked: 0 - cwnd: 256
port number: 10002 timer turned off - bufsize: 48128, unacked: 0 - cwnd: 1761
port number: 10005 timer turned off - bufsize: 47104, unacked: 0 - cwnd: 2253
port number: 10007 timer turned off - bufsize: 46592, unacked: 0 - cwnd: 2475
port number: 10003 timer turned off - bufsize: 49152, unacked: 0 - cwnd: 1168
port number: 10001 timer turned off - bufsize: 45056, unacked: 0 - cwnd: 640
port number: 10006 timer turned off - bufsize: 47616, unacked: 0 - cwnd: 1830
port number: 10001 timer turned off - bufsize: 23040, unacked: 0 - cwnd: 512
port number: 10006 timer turned off - bufsize: 48640, unacked: 0 - cwnd: 1386
port number: 10002 timer turned off - bufsize: 48640, unacked: 0 - cwnd: 1515
port number: 10007 timer turned off - bufsize: 47104, unacked: 0 - cwnd: 2146
port number: 10001 timer turned off - bufsize: 47104, unacked: 0 - cwnd: 256
port number: 10006 timer turned off - bufsize: 48640, unacked: 0 - cwnd: 1478
port number: 10001 timer turned off - bufsize: 44032, unacked: 0 - cwnd: 256
port number: 10003 timer turned off - bufsize: 49152, unacked: 0 - cwnd: 1238
port number: 10007 timer turned off - bufsize: 47616, unacked: 0 - cwnd: 1906
port number: 10004 timer turned off - bufsize: 48128, unacked: 0 - cwnd: 1641
port number: 10003 timer turned off - bufsize: 49152, unacked: 0 - cwnd: 1171
port number: 10004 timer turned off - bufsize: 50176, unacked: 0 - cwnd: 569
port number: 10002 timer turned off - bufsize: 48640, unacked: 0 - cwnd: 1329
port number: 10005 timer turned off - bufsize: 49152, unacked: 0 - cwnd: 1168
port number: 10004 timer turned off - bufsize: 48640, unacked: 0 - cwnd: 1516
port number: 10007 timer turned off - bufsize: 47616, unacked: 0 - cwnd: 1830
port number: 10003 timer turned off - bufsize: 49152, unacked: 0 - cwnd: 1047
port number: 10006 timer turned off - bufsize: 48640, unacked: 0 - cwnd: 1425
port number: 10001 timer turned off - bufsize: 31232, unacked: 0 - cwnd: 524
port number: 10003 timer turned off - bufsize: 31232, unacked: 0 - cwnd: 256
port number: 10001 timer turned off - bufsize: 38400, unacked: 0 - cwnd: 512
port number: 10002 timer turned off - bufsize: 49664, unacked: 0 - cwnd: 837
port number: 10003 timer turned off - bufsize: 41472, unacked: 0 - cwnd: 371
port number: 10004 timer turned off - bufsize: 49664, unacked: 0 - cwnd: 512
port number: 10001 timer turned off - bufsize: 23552, unacked: 0 - cwnd: 256
port number: 10006 timer turned off - bufsize: 49152, unacked: 0 - cwnd: 1259
port number: 10001 timer turned off - bufsize: 41984, unacked: 0 - cwnd: 256
port number: 10003 timer turned off - bufsize: 49664, unacked: 0 - cwnd: 717
port number: 10002 timer turned off - bufsize: 39424, unacked: 0 - cwnd: 256
port number: 10001 timer turned off - bufsize: 29696, unacked: 0 - cwnd: 256
port number: 10002 timer turned off - bufsize: 40448, unacked: 0 - cwnd: 3615
port number: 10005 timer turned off - bufsize: 36352, unacked: 0 - cwnd: 256
port number: 10004 timer turned off - bufsize: 44544, unacked: 0 - cwnd: 256
port number: 10003 timer turned off - bufsize: 29184, unacked: 0 - cwnd: 256
port number: 10001 timer turned off - bufsize: 39424, unacked: 0 - cwnd: 256
port number: 10006 timer turned off - bufsize: 42496, unacked: 0 - cwnd: 256
port number: 10000 timer turned off - bufsize: 39936, unacked: 0 - cwnd: 512
port number: 10004 timer turned off - bufsize: 50688, unacked: 0 - cwnd: 256
port number: 10000 timer turned off - bufsize: 38400, unacked: 0 - cwnd: 256
port number: 10004 timer turned off - bufsize: 40448, unacked: 0 - cwnd: 256
port number: 10005 timer turned off - bufsize: 35840, unacked: 0 - cwnd: 256
port number: 10006 timer turned off - bufsize: 47616, unacked: 0 - cwnd: 256
port number: 10007 timer turned off - bufsize: 34816, unacked: 0 - cwnd: 256
port number: 10003 timer turned off - bufsize: 40448, unacked: 0 - cwnd: 256
port number: 10003 timer turned off - bufsize: 41984, unacked: 0 - cwnd: 1024
port number: 10007 timer turned off - bufsize: 45568, unacked: 0 - cwnd: 320
port number: 10002 timer turned off - bufsize: 48640, unacked: 0 - cwnd: 1448
port number: 10004 timer turned off - bufsize: 47616, unacked: 0 - cwnd: 1841
port number: 10007 timer turned off - bufsize: 48640, unacked: 0 - cwnd: 598
port number: 10002 timer turned off - bufsize: 49152, unacked: 0 - cwnd: 1168
port number: 10007 timer turned off - bufsize: 20992, unacked: 0 - cwnd: 512
port number: 10001 timer turned off - bufsize: 49152, unacked: 0 - cwnd: 1224
port number: 10004 timer turned off - bufsize: 49152, unacked: 0 - cwnd: 1109
port number: 10002 timer turned off - bufsize: 49152, unacked: 0 - cwnd: 1169
port number: 10004 timer turned off - bufsize: 38912, unacked: 0 - cwnd: 256
port number: 10002 timer turned off - bufsize: 49152, unacked: 0 - cwnd: 512
port number: 10006 timer turned off - bufsize: 43520, unacked: 0 - cwnd: 768
port number: 10006 timer turned off - bufsize: 49152, unacked: 0 - cwnd: 824
port number: 10005 timer turned off - bufsize: 47616, unacked: 0 - cwnd: 954
port number: 10000 timer turned off - bufsize: 28672, unacked: 0 - cwnd: 256
port number: 10002 timer turned off - bufsize: 44544, unacked: 0 - cwnd: 1012
port number: 10000 timer turned off - bufsize: 27648, unacked: 0 - cwnd: 371
port number: 10006 timer turned off - bufsize: 47616, unacked: 0 - cwnd: 1901
port number: 10000 timer turned off - bufsize: 36352, unacked: 0 - cwnd: 256
port number: 10004 timer turned off - bufsize: 49152, unacked: 0 - cwnd: 1032
port number: 10003 timer turned off - bufsize: 47616, unacked: 0 - cwnd: 1800
port number: 10001 timer turned off - bufsize: 47616, unacked: 0 - cwnd: 1907
port number: 10006 timer turned off - bufsize: 49664, unacked: 0 - cwnd: 918
port number: 10004 timer turned off - bufsize: 48128, unacked: 0 - cwnd: 1558
port number: 10006 timer turned off - bufsize: 46080, unacked: 0 - cwnd: 640
port number: 10006 timer turned off - bufsize: 44544, unacked: 0 - cwnd: 991
port number: 10003 timer turned off - bufsize: 45056, unacked: 0 - cwnd: 653
port number: 10005 timer turned off - bufsize: 43008, unacked: 0 - cwnd: 256
port number: 10003 timer turned off - bufsize: 26624, unacked: 0 - cwnd: 256
port number: 10006 timer turned off - bufsize: 26112, unacked: 0 - cwnd: 256
port number: 10000 timer turned off - bufsize: 48640, unacked: 0 - cwnd: 512
port number: 10005 timer turned off - bufsize: 33280, unacked: 0 - cwnd: 742
port number: 10000 timer turned off - bufsize: 50688, unacked: 0 - cwnd: 256
port number: 10006 timer turned off - bufsize: 47104, unacked: 0 - cwnd: 2218
port number: 10007 timer turned off - bufsize: 42496, unacked: 0 - cwnd: 256
port number: 10002 timer turned off - bufsize: 34304, unacked: 0 - cwnd: 256
port number: 10007 timer turned off - bufsize: 24064, unacked: 0 - cwnd: 256
port number: 10002 timer turned off - bufsize: 49152, unacked: 0 - cwnd: 1066
port number: 10006 timer turned off - bufsize: 43008, unacked: 0 - cwnd: 256
port number: 10007 timer turned off - bufsize: 9216, unacked: 0 - cwnd: 422
port number: 10006 timer turned off - bufsize: 42496, unacked: 0 - cwnd: 980
port number: 10004 timer turned off - bufsize: 40960, unacked: 0 - cwnd: 1995
port number: 10002 timer turned off - bufsize: 45568, unacked: 0 - cwnd: 914
port number: 10001 timer turned off - bufsize: 50688, unacked: 0 - cwnd: 256
port number: 10005 timer turned off - bufsize: 44544, unacked: 0 - cwnd: 256
port number: 10002 timer turned off - bufsize: 49152, unacked: 0 - cwnd: 475
port number: 10000 timer turned off - bufsize: 29184, unacked: 0 - cwnd: 640
port number: 10005 timer turned off - bufsize: 47616, unacked: 0 - cwnd: 682
port number: 10002 timer turned off - bufsize: 47616, unacked: 0 - cwnd: 1794
port number: 10005 timer turned off - bufsize: 50688, unacked: 0 - cwnd: 320
port number: 10000 timer turned off - bufsize: 43520, unacked: 0 - cwnd: 256
port number: 10002 timer turned off - bufsize: 48640, unacked: 0 - cwnd: 1287
port number: 10007 timer turned off - bufsize: 47616, unacked: 0 - cwnd: 2039
port number: 10006 timer turned off - bufsize: 47104, unacked: 0 - cwnd: 2097
port number: 10002 timer turned off - bufsize: 48640, unacked: 0 - cwnd: 1474
port number: 10001 timer turned off - bufsize: 49152, unacked: 0 - cwnd: 1224
port number: 10000 timer turned off - bufsize: 38912, unacked: 0 - cwnd: 320
port number: 10001 timer turned off - bufsize: 48128, unacked: 0 - cwnd: 1747
port number: 10005 timer turned off - bufsize: 49152, unacked: 0 - cwnd: 1124
port number: 10001 timer turned off - bufsize: 48640, unacked: 0 - cwnd: 1343
port number: 10004 timer turned off - bufsize: 48128, unacked: 0 - cwnd: 1600
port number: 10007 timer turned off - bufsize: 49152, unacked: 0 - cwnd: 1224
port number: 10000 timer turned off - bufsize: 33280, unacked: 0 - cwnd: 256
port number: 10005 timer turned off - bufsize: 49152, unacked: 0 - cwnd: 1109
port number: 10000 timer turned off - bufsize: 45568, unacked: 0 - cwnd: 640
port number: 10003 timer turned off - bufsize: 47616, unacked: 0 - cwnd: 1794
port number: 10005 timer turned off - bufsize: 49152, unacked: 0 - cwnd: 1109
port number: 10006 timer turned off - bufsize: 48640, unacked: 0 - cwnd: 1435
port number: 10001 timer turned off - bufsize: 49152, unacked: 0 - cwnd: 1168
port number: 10004 timer turned off - bufsize: 31744, unacked: 0 - cwnd: 256
port number: 10004 timer turned off - bufsize: 32256, unacked: 0 - cwnd: 256
port number: 10004 timer turned off - bufsize: 29184, unacked: 0 - cwnd: 512
port number: 10003 timer turned off - bufsize: 49664, unacked: 0 - cwnd: 830
port number: 10007 timer turned off - bufsize: 49152, unacked: 0 - cwnd: 1062
port number: 10001 timer turned off - bufsize: 49152, unacked: 0 - cwnd: 1182
port number: 10004 timer turned off - bufsize: 10240, unacked: 0 - cwnd: 775
port number: 10004 timer turned off - bufsize: 42496, unacked: 0 - cwnd: 983
port number: 10005 timer turned off - bufsize: 47104, unacked: 0 - cwnd: 2213
port number: 10007 timer turned off - bufsize: 44032, unacked: 0 - cwnd: 512
port number: 10003 timer turned off - bufsize: 49152, unacked: 0 - cwnd: 771
port number: 10007 timer turned off - bufsize: 34304, unacked: 0 - cwnd: 3975
port number: 10000 timer turned off - bufsize: 35840, unacked: 0 - cwnd: 256
port number: 10005 timer turned off - bufsize: 34304, unacked: 0 - cwnd: 256
port number: 10000 timer turned off - bufsize: 40448, unacked: 0 - cwnd: 320
port number: 10005 timer turned off - bufsize: 48640, unacked: 0 - cwnd: 454
port number: 10006 timer turned off - bufsize: 45568, unacked: 0 - cwnd: 2015
port number: 10004 timer turned off - bufsize: 44544, unacked: 0 - cwnd: 1345
port number: 10007 timer turned off - bufsize: 45056, unacked: 0 - cwnd: 512
port number: 10004 timer turned off - bufsize: 36352, unacked: 0 - cwnd: 256
port number: 10005 timer turned off - bufsize: 31744, unacked: 0 - cwnd: 256
port number: 10006 timer turned off - bufsize: 49152, unacked: 0 - cwnd: 1063
port number: 10001 timer turned off - bufsize: 33792, unacked: 0 - cwnd: 512
port number: 10000 timer turned off - bufsize: 35840, unacked: 0 - cwnd: 256
port number: 10002 timer turned off - bufsize: 26112, unacked: 0 - cwnd: 512
port number: 10001 timer turned off - bufsize: 26112, unacked: 0 - cwnd: 384
port number: 10006 timer turned off - bufsize: 49152, unacked: 0 - cwnd: 1109
port number: 10002 timer turned off - bufsize: 44544, unacked: 0 - cwnd: 256
port number: 10004 timer turned off - bufsize: 49152, unacked: 0 - cwnd: 1168
port number: 10007 timer turned off - bufsize: 48128, unacked: 0 - cwnd: 1680
port number: 10002 timer turned off - bufsize: 17408, unacked: 0 - cwnd: 256
port number: 10001 timer turned off - bufsize: 50176, unacked: 0 - cwnd: 512
port number: 10002 timer turned off - bufsize: 27648, unacked: 0 - cwnd: 617
port number: 10003 timer turned off - bufsize: 49152, unacked: 0 - cwnd: 1168
port number: 10004 timer turned off - bufsize: 48640, unacked: 0 - cwnd: 256
port number: 10007 timer turned off - bufsize: 49152, unacked: 0 - cwnd: 509
port number: 10006 timer turned off - bufsize: 48128, unacked: 0 - cwnd: 1651
port number: 10001 timer turned off - bufsize: 48128, unacked: 0 - cwnd: 1641
port number: 10002 timer turned off - bufsize: 49152, unacked: 0 - cwnd: 1176
port number: 10004 timer turned off - bufsize: 12288, unacked: 0 - cwnd: 256
port number: 10003 timer turned off - bufsize: 49664, unacked: 0 - cwnd: 775
port number: 10001 timer turned off - bufsize: 49152, unacked: 0 - cwnd: 1177
port number: 10004 timer turned off - bufsize: 41472, unacked: 0 - cwnd: 256
port number: 10001 timer turned off - bufsize: 49152, unacked: 0 - cwnd: 1200
port number: 10007 timer turned off - bufsize: 49152, unacked: 0 - cwnd: 1224
port number: 10006 timer turned off - bufsize: 49152, unacked: 0 - cwnd: 1168
port number: 10003 timer turned off - bufsize: 48640, unacked: 0 - cwnd: 1485
port number: 10004 timer turned off - bufsize: 33792, unacked: 0 - cwnd: 3907
port number: 10003 timer turned off - bufsize: 46080, unacked: 0 - cwnd: 787
port number: 10002 timer turned off - bufsize: 47104, unacked: 0 - cwnd: 512
port number: 10001 timer turned off - bufsize: 50688, unacked: 0 - cwnd: 256
port number: 10001 timer turned off - bufsize: 50688, unacked: 0 - cwnd: 256
port number: 10002 timer turned off - bufsize: 45056, unacked: 0 - cwnd: 1306
port number: 10004 timer turned off - bufsize: 38912, unacked: 0 - cwnd: 256
port number: 10003 timer turned off - bufsize: 34816, unacked: 0 - cwnd: 256
port number: 10004 timer turned off - bufsi